<?xml version="1.0" encoding="UTF-8"?>
<testsuite name="tws.controller.ParkingLotControllerTest" tests="7" skipped="0" failures="0" errors="0" timestamp="2019-08-31T01:56:32" hostname="DESKTOP-D0N6JCS" time="0.059">
  <properties/>
  <testcase name="shouldGetAllParkingLotsOneEmployeeWhenGetEmployees" classname="tws.controller.ParkingLotControllerTest" time="0.012"/>
  <testcase name="shouldAddOneParkingLotWhenPostParkingLots" classname="tws.controller.ParkingLotControllerTest" time="0.01"/>
  <testcase name="shouldReturnNotFoundWhenGetErrorUrl" classname="tws.controller.ParkingLotControllerTest" time="0.007"/>
  <testcase name="shouldUpdateOneParkingLotWhenPutParkingLots" classname="tws.controller.ParkingLotControllerTest" time="0.007"/>
  <testcase name="shouldFetchAllParkingLotsWhenSelectAll" classname="tws.controller.ParkingLotControllerTest" time="0.008"/>
  <testcase name="shouldReturnMethodNotAllowedWhenDeleteErrorUrl" classname="tws.controller.ParkingLotControllerTest" time="0.005"/>
  <testcase name="shouldDeleteOneParkingLotWhenDeleteParkingLots" classname="tws.controller.ParkingLotControllerTest" time="0.005"/>
  <system-out><![CDATA[2019-08-31 09:56:32.741  INFO 21672 --- [    Test worker] .b.t.c.SpringBootTestContextBootstrapper : Neither @ContextConfiguration nor @ContextHierarchy found for test class [tws.controller.ParkingLotControllerTest], using SpringBootContextLoader
2019-08-31 09:56:32.742  INFO 21672 --- [    Test worker] o.s.t.c.support.AbstractContextLoader    : Could not detect default resource locations for test class [tws.controller.ParkingLotControllerTest]: no resource found for suffixes {-context.xml, Context.groovy}.
2019-08-31 09:56:32.743  INFO 21672 --- [    Test worker] t.c.s.AnnotationConfigContextLoaderUtils : Could not detect default configuration classes for test class [tws.controller.ParkingLotControllerTest]: ParkingLotControllerTest does not declare any static, non-private, non-final, nested classes annotated with @Configuration.
2019-08-31 09:56:32.746  INFO 21672 --- [    Test worker] .b.t.c.SpringBootTestContextBootstrapper : Found @SpringBootConfiguration tws.Application for test class tws.controller.ParkingLotControllerTest
2019-08-31 09:56:32.749  INFO 21672 --- [    Test worker] .b.t.c.SpringBootTestContextBootstrapper : Loaded default TestExecutionListener class names from location [META-INF/spring.factories]: [org.springframework.boot.test.autoconfigure.restdocs.RestDocsTestExecutionListener, org.springframework.boot.test.autoconfigure.web.client.MockRestServiceServerResetTestExecutionListener, org.springframework.boot.test.autoconfigure.web.servlet.MockMvcPrintOnlyOnFailureTestExecutionListener, org.springframework.boot.test.autoconfigure.web.servlet.WebDriverTestExecutionListener, org.springframework.boot.test.mock.mockito.MockitoTestExecutionListener, org.springframework.boot.test.mock.mockito.ResetMocksTestExecutionListener, org.springframework.test.context.web.ServletTestExecutionListener, org.springframework.test.context.support.DirtiesContextBeforeModesTestExecutionListener, org.springframework.test.context.support.DependencyInjectionTestExecutionListener, org.springframework.test.context.support.DirtiesContextTestExecutionListener, org.springframework.test.context.transaction.TransactionalTestExecutionListener, org.springframework.test.context.jdbc.SqlScriptsTestExecutionListener]
2019-08-31 09:56:32.750  INFO 21672 --- [    Test worker] .b.t.c.SpringBootTestContextBootstrapper : Using TestExecutionListeners: [org.springframework.test.context.web.ServletTestExecutionListener@189cc5eb, org.springframework.test.context.support.DirtiesContextBeforeModesTestExecutionListener@44a22bce, org.springframework.boot.test.mock.mockito.MockitoTestExecutionListener@351ac822, org.springframework.boot.test.autoconfigure.SpringBootDependencyInjectionTestExecutionListener@3bcff83b, org.springframework.test.context.support.DirtiesContextTestExecutionListener@4502d134, org.springframework.test.context.transaction.TransactionalTestExecutionListener@102b7e01, org.springframework.test.context.jdbc.SqlScriptsTestExecutionListener@7313effe, org.springframework.boot.test.autoconfigure.restdocs.RestDocsTestExecutionListener@3759df87, org.springframework.boot.test.autoconfigure.web.client.MockRestServiceServerResetTestExecutionListener@64813329, org.springframework.boot.test.autoconfigure.web.servlet.MockMvcPrintOnlyOnFailureTestExecutionListener@2f9182ce, org.springframework.boot.test.autoconfigure.web.servlet.WebDriverTestExecutionListener@4391f4dd, org.springframework.boot.test.mock.mockito.ResetMocksTestExecutionListener@3a4dbecf]
2019-08-31 09:56:32.756  INFO 21672 --- [    Test worker] o.s.test.jdbc.JdbcTestUtils              : Deleted 3 rows from table parkinglot
2019-08-31 09:56:32.760 DEBUG 21672 --- [    Test worker] s.w.s.m.m.a.RequestMappingHandlerMapping : Looking up handler method for path /employees/2/parkinglots
2019-08-31 09:56:32.760 DEBUG 21672 --- [    Test worker] s.w.s.m.m.a.RequestMappingHandlerMapping : Returning handler method [public org.springframework.http.ResponseEntity<java.util.List<tws.entity.ParkingLot>> tws.controller.EmployeeController.getOneParkingBoyAllParkingLots(int)]
2019-08-31 09:56:32.762 DEBUG 21672 --- [    Test worker] o.s.w.s.m.m.a.HttpEntityMethodProcessor  : Written [[tws.entity.ParkingLot@6b3085c4, tws.entity.ParkingLot@5bd97b50]] as "application/json" using [org.springframework.http.converter.json.MappingJackson2HttpMessageConverter@3543bbe6]

MockHttpServletRequest:
      HTTP Method = GET
      Request URI = /employees/2/parkinglots
       Parameters = {}
          Headers = {}
             Body = null
    Session Attrs = {}

Handler:
             Type = tws.controller.EmployeeController
           Method = public org.springframework.http.ResponseEntity<java.util.List<tws.entity.ParkingLot>> tws.controller.EmployeeController.getOneParkingBoyAllParkingLots(int)

Async:
    Async started = false
     Async result = null

Resolved Exception:
             Type = null

ModelAndView:
        View name = null
             View = null
            Model = null

FlashMap:
       Attributes = null

MockHttpServletResponse:
           Status = 200
    Error message = null
          Headers = {Content-Type=[application/json;charset=UTF-8]}
     Content type = application/json;charset=UTF-8
             Body = [{"id":1,"capacity":5,"availablePositionCount":5,"parkingBoyId":2},{"id":3,"capacity":8,"availablePositionCount":8,"parkingBoyId":2}]
    Forwarded URL = null
   Redirected URL = null
          Cookies = []
2019-08-31 09:56:32.768  INFO 21672 --- [    Test worker] o.s.test.jdbc.JdbcTestUtils              : Deleted 3 rows from table parkinglot
2019-08-31 09:56:32.769 DEBUG 21672 --- [    Test worker] s.w.s.m.m.a.RequestMappingHandlerMapping : Looking up handler method for path /parkinglots
2019-08-31 09:56:32.769 DEBUG 21672 --- [    Test worker] s.w.s.m.m.a.RequestMappingHandlerMapping : Returning handler method [public org.springframework.http.ResponseEntity<tws.entity.ParkingLot> tws.controller.ParkingLotController.createEmployee(tws.entity.ParkingLot)]
2019-08-31 09:56:32.771 DEBUG 21672 --- [    Test worker] m.m.a.RequestResponseBodyMethodProcessor : Read [class tws.entity.ParkingLot] as "application/json;charset=UTF-8" with [org.springframework.http.converter.json.MappingJackson2HttpMessageConverter@3543bbe6]
2019-08-31 09:56:32.773 DEBUG 21672 --- [    Test worker] o.s.w.s.m.m.a.HttpEntityMethodProcessor  : Written [tws.entity.ParkingLot@2ec5777] as "application/json" using [org.springframework.http.converter.json.MappingJackson2HttpMessageConverter@3543bbe6]

MockHttpServletRequest:
      HTTP Method = POST
      Request URI = /parkinglots
       Parameters = {}
          Headers = {Content-Type=[application/json;charset=UTF-8]}
             Body = {"id":3,"capacity":8,"availablePositionCount":3,"parkingBoyId":1}
    Session Attrs = {}

Handler:
             Type = tws.controller.ParkingLotController
           Method = public org.springframework.http.ResponseEntity<tws.entity.ParkingLot> tws.controller.ParkingLotController.createEmployee(tws.entity.ParkingLot)

Async:
    Async started = false
     Async result = null

Resolved Exception:
             Type = null

ModelAndView:
        View name = null
             View = null
            Model = null

FlashMap:
       Attributes = null

MockHttpServletResponse:
           Status = 201
    Error message = null
          Headers = {Location=[/parkinglots/3], Content-Type=[application/json;charset=UTF-8]}
     Content type = application/json;charset=UTF-8
             Body = {"id":3,"capacity":8,"availablePositionCount":3,"parkingBoyId":1}
    Forwarded URL = null
   Redirected URL = /parkinglots/3
          Cookies = []
2019-08-31 09:56:32.778  INFO 21672 --- [    Test worker] o.s.test.jdbc.JdbcTestUtils              : Deleted 1 rows from table parkinglot
2019-08-31 09:56:32.779 DEBUG 21672 --- [    Test worker] s.w.s.m.m.a.RequestMappingHandlerMapping : Looking up handler method for path /parkinglot
2019-08-31 09:56:32.780 DEBUG 21672 --- [    Test worker] s.w.s.m.m.a.RequestMappingHandlerMapping : Did not find handler method for [/parkinglot]
2019-08-31 09:56:32.780 DEBUG 21672 --- [    Test worker] o.s.w.s.handler.SimpleUrlHandlerMapping  : Matching patterns for request [/parkinglot] are [/**]
2019-08-31 09:56:32.780 DEBUG 21672 --- [    Test worker] o.s.w.s.handler.SimpleUrlHandlerMapping  : URI Template variables for request [/parkinglot] are {}
2019-08-31 09:56:32.780 DEBUG 21672 --- [    Test worker] o.s.w.s.handler.SimpleUrlHandlerMapping  : Mapping [/parkinglot] to HandlerExecutionChain with handler [ResourceHttpRequestHandler [locations=[class path resource [META-INF/resources/], class path resource [resources/], class path resource [static/], class path resource [public/], ServletContext resource [/]], resolvers=[org.springframework.web.servlet.resource.PathResourceResolver@56dd74d3]]] and 1 interceptor

MockHttpServletRequest:
      HTTP Method = GET
      Request URI = /parkinglot
       Parameters = {}
          Headers = {}
             Body = null
    Session Attrs = {}

Handler:
             Type = org.springframework.web.servlet.resource.ResourceHttpRequestHandler

Async:
    Async started = false
     Async result = null

Resolved Exception:
             Type = null

ModelAndView:
        View name = null
             View = null
            Model = null

FlashMap:
       Attributes = null

MockHttpServletResponse:
           Status = 404
    Error message = null
          Headers = {}
     Content type = null
             Body = 
    Forwarded URL = null
   Redirected URL = null
          Cookies = []
2019-08-31 09:56:32.786  INFO 21672 --- [    Test worker] o.s.test.jdbc.JdbcTestUtils              : Deleted 0 rows from table parkinglot
2019-08-31 09:56:32.786 DEBUG 21672 --- [    Test worker] s.w.s.m.m.a.RequestMappingHandlerMapping : Looking up handler method for path /parkinglots/3
2019-08-31 09:56:32.787 DEBUG 21672 --- [    Test worker] s.w.s.m.m.a.RequestMappingHandlerMapping : Returning handler method [public org.springframework.http.ResponseEntity<tws.entity.ParkingLot> tws.controller.ParkingLotController.updateParkingLot(int,tws.entity.ParkingLot)]
2019-08-31 09:56:32.787 DEBUG 21672 --- [    Test worker] m.m.a.RequestResponseBodyMethodProcessor : Read [class tws.entity.ParkingLot] as "application/json;charset=UTF-8" with [org.springframework.http.converter.json.MappingJackson2HttpMessageConverter@3543bbe6]
2019-08-31 09:56:32.789 DEBUG 21672 --- [    Test worker] o.s.w.s.m.m.a.HttpEntityMethodProcessor  : Written [tws.entity.ParkingLot@61f2e7fc] as "application/json" using [org.springframework.http.converter.json.MappingJackson2HttpMessageConverter@3543bbe6]

MockHttpServletRequest:
      HTTP Method = PUT
      Request URI = /parkinglots/3
       Parameters = {}
          Headers = {Content-Type=[application/json;charset=UTF-8]}
             Body = {"id":3,"capacity":8,"availablePositionCount":3,"parkingBoyId":1}
    Session Attrs = {}

Handler:
             Type = tws.controller.ParkingLotController
           Method = public org.springframework.http.ResponseEntity<tws.entity.ParkingLot> tws.controller.ParkingLotController.updateParkingLot(int,tws.entity.ParkingLot)

Async:
    Async started = false
     Async result = null

Resolved Exception:
             Type = null

ModelAndView:
        View name = null
             View = null
            Model = null

FlashMap:
       Attributes = null

MockHttpServletResponse:
           Status = 200
    Error message = null
          Headers = {Content-Type=[application/json;charset=UTF-8]}
     Content type = application/json;charset=UTF-8
             Body = {"id":3,"capacity":8,"availablePositionCount":3,"parkingBoyId":1}
    Forwarded URL = null
   Redirected URL = null
          Cookies = []
2019-08-31 09:56:32.795  INFO 21672 --- [    Test worker] o.s.test.jdbc.JdbcTestUtils              : Deleted 0 rows from table parkinglot
2019-08-31 09:56:32.796 DEBUG 21672 --- [    Test worker] s.w.s.m.m.a.RequestMappingHandlerMapping : Looking up handler method for path /parkinglots
2019-08-31 09:56:32.796 DEBUG 21672 --- [    Test worker] s.w.s.m.m.a.RequestMappingHandlerMapping : Returning handler method [public org.springframework.http.ResponseEntity<java.util.List<tws.entity.ParkingLot>> tws.controller.ParkingLotController.getAllList()]
2019-08-31 09:56:32.798 DEBUG 21672 --- [    Test worker] o.s.w.s.m.m.a.HttpEntityMethodProcessor  : Written [[tws.entity.ParkingLot@e8340a3, tws.entity.ParkingLot@1e10a9d8]] as "application/json" using [org.springframework.http.converter.json.MappingJackson2HttpMessageConverter@3543bbe6]

MockHttpServletRequest:
      HTTP Method = GET
      Request URI = /parkinglots
       Parameters = {}
          Headers = {}
             Body = null
    Session Attrs = {}

Handler:
             Type = tws.controller.ParkingLotController
           Method = public org.springframework.http.ResponseEntity<java.util.List<tws.entity.ParkingLot>> tws.controller.ParkingLotController.getAllList()

Async:
    Async started = false
     Async result = null

Resolved Exception:
             Type = null

ModelAndView:
        View name = null
             View = null
            Model = null

FlashMap:
       Attributes = null

MockHttpServletResponse:
           Status = 200
    Error message = null
          Headers = {Content-Type=[application/json;charset=UTF-8]}
     Content type = application/json;charset=UTF-8
             Body = [{"id":1,"capacity":5,"availablePositionCount":5,"parkingBoyId":2},{"id":2,"capacity":6,"availablePositionCount":2,"parkingBoyId":1}]
    Forwarded URL = null
   Redirected URL = null
          Cookies = []
2019-08-31 09:56:32.803  INFO 21672 --- [    Test worker] o.s.test.jdbc.JdbcTestUtils              : Deleted 2 rows from table parkinglot
2019-08-31 09:56:32.804 DEBUG 21672 --- [    Test worker] s.w.s.m.m.a.RequestMappingHandlerMapping : Looking up handler method for path /parkinglots/
2019-08-31 09:56:32.805 DEBUG 21672 --- [    Test worker] .m.m.a.ExceptionHandlerExceptionResolver : Resolving exception from handler [null]: org.springframework.web.HttpRequestMethodNotSupportedException: Request method 'DELETE' not supported
2019-08-31 09:56:32.805 DEBUG 21672 --- [    Test worker] .w.s.m.a.ResponseStatusExceptionResolver : Resolving exception from handler [null]: org.springframework.web.HttpRequestMethodNotSupportedException: Request method 'DELETE' not supported
2019-08-31 09:56:32.805 DEBUG 21672 --- [    Test worker] .w.s.m.s.DefaultHandlerExceptionResolver : Resolving exception from handler [null]: org.springframework.web.HttpRequestMethodNotSupportedException: Request method 'DELETE' not supported
2019-08-31 09:56:32.805  WARN 21672 --- [    Test worker] o.s.web.servlet.PageNotFound             : Request method 'DELETE' not supported

MockHttpServletRequest:
      HTTP Method = DELETE
      Request URI = /parkinglots/
       Parameters = {}
          Headers = {}
             Body = null
    Session Attrs = {}

Handler:
             Type = null

Async:
    Async started = false
     Async result = null

Resolved Exception:
             Type = org.springframework.web.HttpRequestMethodNotSupportedException

ModelAndView:
        View name = null
             View = null
            Model = null

FlashMap:
       Attributes = null

MockHttpServletResponse:
           Status = 405
    Error message = Request method 'DELETE' not supported
          Headers = {Allow=[POST, GET]}
     Content type = null
             Body = 
    Forwarded URL = null
   Redirected URL = null
          Cookies = []
2019-08-31 09:56:32.809  INFO 21672 --- [    Test worker] o.s.test.jdbc.JdbcTestUtils              : Deleted 0 rows from table parkinglot
2019-08-31 09:56:32.810 DEBUG 21672 --- [    Test worker] s.w.s.m.m.a.RequestMappingHandlerMapping : Looking up handler method for path /parkinglots/2
2019-08-31 09:56:32.810 DEBUG 21672 --- [    Test worker] s.w.s.m.m.a.RequestMappingHandlerMapping : Returning handler method [public void tws.controller.ParkingLotController.deleteParkingLot(int)]

MockHttpServletRequest:
      HTTP Method = DELETE
      Request URI = /parkinglots/2
       Parameters = {}
          Headers = {}
             Body = null
    Session Attrs = {}

Handler:
             Type = tws.controller.ParkingLotController
           Method = public void tws.controller.ParkingLotController.deleteParkingLot(int)

Async:
    Async started = false
     Async result = null

Resolved Exception:
             Type = null

ModelAndView:
        View name = null
             View = null
            Model = null

FlashMap:
       Attributes = null

MockHttpServletResponse:
           Status = 200
    Error message = null
          Headers = {}
     Content type = null
             Body = 
    Forwarded URL = null
   Redirected URL = null
          Cookies = []
]]></system-out>
  <system-err><![CDATA[]]></system-err>
</testsuite>
